2025/05/20 21:56:39 intialize.go:53: Logger initialized!
2025/05/20 21:57:24 transfers_usecase.go:29: Redis data for name enquiry {"responseCode":"00","sessionID":"","transactionId":"sess_682ceca3cef45042d19bff6b","channelCode":2,"destinationInstitutionCode":"000014","accountNumber":"0077705137","accountName":"test user","bankVerificationNumber":"210982389230","kycLevel":1,"message":"Success"}
2025/05/20 21:57:24 transfers_usecase.go:68: ====== Debiting main transfer and calling nibbs ========== 12000
2025/05/20 21:57:24 easypay.go:167: ============ EasyPay transfer request initiated here ==========================
2025/05/20 21:57:24 easypay.go:43: Checking for cached EasyPay token
2025/05/20 21:57:24 easypay.go:173: EasyPay token: eyJhbGciOiJSUzI1NiIsInR5cCI6IkpXVCJ9.eyJzdWIiOiIxMjM0NTY3ODkwIiwibmFtZSI6IkpvaG4gRG9lIiwiaWF0IjoxNTE2MjM5MDIyfQ.SflKxwRJSMeKKF2QT4fwpMeJf36POk6yJV_adQssw5c
2025/05/20 21:57:24 easypay.go:200: Payload for EasyPay transfer: map[amount:120.00 beneficiaryAccountName:test user beneficiaryAccountNumber:0077705137 beneficiaryBankVerificationNumber:210982389230 beneficiaryKYCLevel:1 beneficiaryNarration: channelCode:1 destinationInstitutionCode: nameEnquiryRef: originatorAccountName:Bloc-Johnson Aniyi originatorAccountNumber:5403508663 originatorBankVerificationNumber:33333333333 originatorKYCLevel:3 originatorNarration: paymentReference:000023250520215724122692600390 transactionId:000023250520215724122692600390 transactionLocation:1.39716,3.07117]
2025/05/20 22:01:56 transfers_usecase.go:26: Redis error!!!!! or no name enquiry for this particular transfer redis: nil
2025/05/21 11:17:16 transfers_usecase.go:26: Redis error!!!!! or no name enquiry for this particular transfer redis: nil
2025/05/21 11:17:34 transfers_usecase.go:29: Redis data for name enquiry {"responseCode":"00","sessionID":"","transactionId":"sess_682da820cef45042d19bff6e","channelCode":2,"destinationInstitutionCode":"000014","accountNumber":"0077705137","accountName":"test user","bankVerificationNumber":"210982389230","kycLevel":1,"message":"Success"}
2025/05/21 11:18:27 transfers_usecase.go:29: Redis data for name enquiry {"responseCode":"00","sessionID":"","transactionId":"sess_682da820cef45042d19bff6e","channelCode":2,"destinationInstitutionCode":"000014","accountNumber":"0077705137","accountName":"test user","bankVerificationNumber":"210982389230","kycLevel":1,"message":"Success"}
2025/05/21 11:18:41 transfers_usecase.go:29: Redis data for name enquiry {"responseCode":"00","sessionID":"","transactionId":"sess_682da820cef45042d19bff6e","channelCode":2,"destinationInstitutionCode":"000014","accountNumber":"0077705137","accountName":"test user","bankVerificationNumber":"210982389230","kycLevel":1,"message":"Success"}
2025/05/21 11:18:41 transfers_usecase.go:68: ====== Debiting main transfer and calling nibbs ========== 12000
2025/05/21 11:18:41 easypay.go:167: ============ EasyPay transfer request initiated here ==========================
2025/05/21 11:18:41 easypay.go:43: Checking for cached EasyPay token
2025/05/21 11:18:41 easypay.go:49: Token not found in cache, or cache expired, making call for another redis: nil
2025/05/21 11:18:41 easypay.go:53: Simulating EasyPay token generation in dev environment
2025/05/21 11:18:41 easypay.go:173: EasyPay token: eyJhbGciOiJSUzI1NiIsInR5cCI6IkpXVCJ9.eyJzdWIiOiIxMjM0NTY3ODkwIiwibmFtZSI6IkpvaG4gRG9lIiwiaWF0IjoxNTE2MjM5MDIyfQ.SflKxwRJSMeKKF2QT4fwpMeJf36POk6yJV_adQssw5c
2025/05/21 11:18:41 easypay.go:200: Payload for EasyPay transfer: map[amount:120.00 beneficiaryAccountName:test user beneficiaryAccountNumber:0077705137 beneficiaryBankVerificationNumber:210982389230 beneficiaryKYCLevel:1 beneficiaryNarration: channelCode:1 destinationInstitutionCode: nameEnquiryRef: originatorAccountName:Bloc-Johnson Aniyi originatorAccountNumber:5403508663 originatorBankVerificationNumber:33333333333 originatorKYCLevel:3 originatorNarration: paymentReference:000023250521111841464284960637 transactionId:000023250521111841464284960637 transactionLocation:1.39716,3.07117]
2025/05/21 11:19:23 transfers_usecase.go:26: Redis error!!!!! or no name enquiry for this particular transfer redis: nil
